<?xml version="1.0" encoding="UTF-8"?>
<testng-results ignored="0" total="8" passed="8" failed="0" skipped="0">
  <reporter-output>
  </reporter-output>
  <suite started-at="2022-05-11T10:08:23 IST" name="Default suite" finished-at="2022-05-11T10:08:33 IST" duration-ms="9766">
    <groups>
    </groups>
    <test started-at="2022-05-11T10:08:23 IST" name="Default test" finished-at="2022-05-11T10:08:33 IST" duration-ms="9766">
      <class name="rest_assured_testing.TestGetApiDemo">
        <test-method signature="test0()[pri:0, instance:rest_assured_testing.TestGetApiDemo@702b8b12]" started-at="2022-05-11T10:08:23 IST" name="test0" finished-at="2022-05-11T10:08:26 IST" duration-ms="3040" status="PASS">
          <reporter-output>
          </reporter-output>
        </test-method> <!-- test0 -->
        <test-method signature="test1()[pri:0, instance:rest_assured_testing.TestGetApiDemo@702b8b12]" started-at="2022-05-11T10:08:26 IST" name="test1" finished-at="2022-05-11T10:08:27 IST" duration-ms="951" status="PASS">
          <reporter-output>
          </reporter-output>
        </test-method> <!-- test1 -->
        <test-method signature="test2()[pri:0, instance:rest_assured_testing.TestGetApiDemo@702b8b12]" started-at="2022-05-11T10:08:27 IST" name="test2" finished-at="2022-05-11T10:08:28 IST" duration-ms="934" status="PASS">
          <reporter-output>
          </reporter-output>
        </test-method> <!-- test2 -->
        <test-method signature="test3()[pri:0, instance:rest_assured_testing.TestGetApiDemo@702b8b12]" started-at="2022-05-11T10:08:28 IST" name="test3" finished-at="2022-05-11T10:08:29 IST" duration-ms="971" status="PASS">
          <reporter-output>
          </reporter-output>
        </test-method> <!-- test3 -->
        <test-method signature="test4()[pri:0, instance:rest_assured_testing.TestGetApiDemo@702b8b12]" started-at="2022-05-11T10:08:29 IST" name="test4" finished-at="2022-05-11T10:08:30 IST" duration-ms="962" status="PASS">
          <reporter-output>
          </reporter-output>
        </test-method> <!-- test4 -->
        <test-method signature="test5()[pri:0, instance:rest_assured_testing.TestGetApiDemo@702b8b12]" started-at="2022-05-11T10:08:30 IST" name="test5" finished-at="2022-05-11T10:08:31 IST" duration-ms="999" status="PASS">
          <reporter-output>
          </reporter-output>
        </test-method> <!-- test5 -->
        <test-method signature="test6()[pri:0, instance:rest_assured_testing.TestGetApiDemo@702b8b12]" started-at="2022-05-11T10:08:31 IST" name="test6" finished-at="2022-05-11T10:08:32 IST" duration-ms="918" status="PASS">
          <reporter-output>
          </reporter-output>
        </test-method> <!-- test6 -->
        <test-method signature="test7()[pri:0, instance:rest_assured_testing.TestGetApiDemo@702b8b12]" started-at="2022-05-11T10:08:32 IST" name="test7" finished-at="2022-05-11T10:08:33 IST" duration-ms="920" status="PASS">
          <reporter-output>
          </reporter-output>
        </test-method> <!-- test7 -->
      </class> <!-- rest_assured_testing.TestGetApiDemo -->
    </test> <!-- Default test -->
  </suite> <!-- Default suite -->
</testng-results>
