<?xml version="1.0" encoding="UTF-8"?>
<!-- Generated by org.testng.reporters.JUnitXMLReporter -->
<testsuite ignored="0" hostname="DESKTOP-7ACROHK" failures="0" tests="8" name="Default test" time="9.766" errors="0" timestamp="2022-05-11T10:08:33 IST">
  <testcase classname="rest_assured_testing.TestGetApiDemo" name="test0" time="3.04"/>
  <testcase classname="rest_assured_testing.TestGetApiDemo" name="test1" time="0.951"/>
  <testcase classname="rest_assured_testing.TestGetApiDemo" name="test2" time="0.934"/>
  <testcase classname="rest_assured_testing.TestGetApiDemo" name="test3" time="0.971"/>
  <testcase classname="rest_assured_testing.TestGetApiDemo" name="test4" time="0.962"/>
  <testcase classname="rest_assured_testing.TestGetApiDemo" name="test5" time="0.999"/>
  <testcase classname="rest_assured_testing.TestGetApiDemo" name="test6" time="0.918"/>
  <testcase classname="rest_assured_testing.TestGetApiDemo" name="test7" time="0.92"/>
</testsuite> <!-- Default test -->
